cargo : [1m[93mwarning[0m:
 profiles for the non root pa
ckage will be ignored, specif
y profiles at the workspace r
oot:
発生場所 行:1 文字:19
+ cd crates/kernel; cargo che
ck 2>&1 | Out-File -FilePath 
"../../build_ ...
+                   ~~~~~~~~~
~~~~~~~
    + CategoryInfo           
   : NotSpecified: ([1m[9  
  3mwarnin...workspace roo   
 t::String) [], RemoteExc    
eption
    + FullyQualifiedErrorId  
   : NativeCommandError
 
package:   D:\Rust\OS\crates\
programs\test\Cargo.toml
workspace: D:\Rust\OS\Cargo.t
oml
[1m[93mwarning[0m: profile
s for the non root package wi
ll be ignored, specify profil
es at the workspace root:
package:   D:\Rust\OS\crates\
programs\init\Cargo.toml
workspace: D:\Rust\OS\Cargo.t
oml
[1m[93mwarning[0m: profile
s for the non root package wi
ll be ignored, specify profil
es at the workspace root:
package:   D:\Rust\OS\crates\
programs\syscall_test\Cargo.t
oml
workspace: D:\Rust\OS\Cargo.t
oml
[1m[93mwarning[0m: profile
s for the non root package wi
ll be ignored, specify profil
es at the workspace root:
package:   D:\Rust\OS\crates\
programs\io_uring_test\Cargo.
toml
workspace: D:\Rust\OS\Cargo.t
oml
[1m[93mwarning[0m: profile
s for the non root package wi
ll be ignored, specify profil
es at the workspace root:
package:   D:\Rust\OS\crates\
programs\bench_syscall\Cargo.
toml
workspace: D:\Rust\OS\Cargo.t
oml
[1m[93mwarning[0m: D:\Rust
\OS\crates\kernel\Cargo.toml:
 only one of `license` or `li
cense-file` is necessary
`license` should be used if t
he package license can be exp
ressed with a standard SPDX e
xpression.
`license-file` should be used
 if the package uses a non-st
andard license.
See https://doc.rust-lang.org
/cargo/reference/manifest.htm
l#the-license-and-license-fil
e-fields for more information
.
[1m[93mwarning[0m: D:\Rust
\OS\crates\libuser\Cargo.toml
: only one of `license` or `l
icense-file` is necessary
`license` should be used if t
he package license can be exp
ressed with a standard SPDX e
xpression.
`license-file` should be used
 if the package uses a non-st
andard license.
See https://doc.rust-lang.org
/cargo/reference/manifest.htm
l#the-license-and-license-fil
e-fields for more information
.
[1m[93mwarning[0m: D:\Rust
\OS\crates\programs\hello\Car
go.toml: only one of `license
` or `license-file` is necess
ary
`license` should be used if t
he package license can be exp
ressed with a standard SPDX e
xpression.
`license-file` should be used
 if the package uses a non-st
andard license.
See https://doc.rust-lang.org
/cargo/reference/manifest.htm
l#the-license-and-license-fil
e-fields for more information
.
[1m[93mwarning[0m: D:\Rust
\OS\crates\programs\shell\Car
go.toml: only one of `license
` or `license-file` is necess
ary
`license` should be used if t
he package license can be exp
ressed with a standard SPDX e
xpression.
`license-file` should be used
 if the package uses a non-st
andard license.
See https://doc.rust-lang.org
/cargo/reference/manifest.htm
l#the-license-and-license-fil
e-fields for more information
.
[1m[92m   Compiling[0m tin
y_os v0.4.1 (D:\Rust\OS\crate
s\kernel)
[1m[93mwarning[0m: tiny_os
@0.4.1: Building in DEBUG mod
e - performance will be limit
ed
[1m[93mwarning[0m[1m[97m
: unused import: `x86_64::str
uctures::tss::TaskStateSegmen
t`[0m
 [1m[96m--> [0mcrates\kern
el\src\arch\x86_64\gdt.rs:8:5
  [1m[96m|[0m
[1m[96m8[0m [1m[96m|[0m
 use x86_64::structures::tss:
:TaskStateSegment;
  [1m[96m|[0m     [1m[93
m^^^^^^^^^^^^^^^^^^^^^^^^^^^^
^^^^^^^^^^^^^[0m
  [1m[96m|[0m
  [1m[96m= [0m[1m[97mnot
e[0m: `#[warn(unused_imports
)]` (part of `#[warn(unused)]
`) on by default

[1m[93mwarning[0m[1m[97m
: unused import: `AtomicUsize
`[0m
  [1m[96m--> [0mcrates\ker
nel\src\arch\x86_64\syscall_r
ing.rs:31:60
   [1m[96m|[0m
[1m[96m31[0m [1m[96m|[0
m use core::sync::atomic::{At
omicU32, AtomicU64, AtomicBoo
l, AtomicUsize, Ordering};
   [1m[96m|[0m            
                             
                   [1m[93m^
^^^^^^^^^^[0m

[1m[93mwarning[0m[1m[97m
: unused import: `x86_64::Vir
tAddr`[0m
  [1m[96m--> [0mcrates\ker
nel\src\arch\x86_64\syscall_r
ing.rs:35:5
   [1m[96m|[0m
[1m[96m35[0m [1m[96m|[0
m use x86_64::VirtAddr;
   [1m[96m|[0m     [1m[9
3m^^^^^^^^^^^^^^^^[0m

[1m[93mwarning[0m[1m[97m
: unused import: `alloc::vec:
:Vec`[0m
  [1m[96m--> [0mcrates\ker
nel\src\arch\x86_64\smp.rs:33
:5
   [1m[96m|[0m
[1m[96m33[0m [1m[96m|[0
m use alloc::vec::Vec;
   [1m[96m|[0m     [1m[9
3m^^^^^^^^^^^^^^^[0m

[1m[93mwarning[0m[1m[97m
: unused import: `x86_64::Vir
tAddr`[0m
  [1m[96m--> [0mcrates\ker
nel\src\arch\x86_64\smp.rs:35
:5
   [1m[96m|[0m
[1m[96m35[0m [1m[96m|[0
m use x86_64::VirtAddr;
   [1m[96m|[0m     [1m[9
3m^^^^^^^^^^^^^^^^[0m

[1m[93mwarning[0m[1m[97m
: unused import: `super::per_
cpu`[0m
  [1m[96m--> [0mcrates\ker
nel\src\arch\x86_64\smp.rs:38
:5
   [1m[96m|[0m
[1m[96m38[0m [1m[96m|[0
m use super::per_cpu;
   [1m[96m|[0m     [1m[9
3m^^^^^^^^^^^^^^[0m

[1m[93mwarning[0m[1m[97m
: unused import: `x86_64::str
uctures::paging::PageTableFla
gs`[0m
   [1m[96m--> [0mcrates\ke
rnel\src\kernel\mm\user_pagin
g.rs:682:9
    [1m[96m|[0m
[1m[96m682[0m [1m[96m|[
0m     use x86_64::structures
::paging::PageTableFlags;
    [1m[96m|[0m         [
1m[93m^^^^^^^^^^^^^^^^^^^^^^
^^^^^^^^^^^^^^^^^^^^[0m

[1m[93mwarning[0m[1m[97m
: unused import: `x86_64::str
uctures::paging::PageTableFla
gs`[0m
   [1m[96m--> [0mcrates\ke
rnel\src\kernel\mm\user_pagin
g.rs:704:9
    [1m[96m|[0m
[1m[96m704[0m [1m[96m|[
0m     use x86_64::structures
::paging::PageTableFlags;
    [1m[96m|[0m         [
1m[93m^^^^^^^^^^^^^^^^^^^^^^
^^^^^^^^^^^^^^^^^^^^[0m

[1m[93mwarning[0m[1m[97m
: unused import: `CompletionE
ntryV2`[0m
  [1m[96m--> [0mcrates\ker
nel\src\kernel\async\io_uring
_future.rs:51:50
   [1m[96m|[0m
[1m[96m51[0m [1m[96m|[0
m use crate::abi::io_uring_v2
::{SubmissionEntryV2, Complet
ionEntryV2};
   [1m[96m|[0m            
                             
         [1m[93m^^^^^^^^^^^
^^^^^^[0m

[1m[93mwarning[0m[1m[97m
: unused import: `alloc::boxe
d::Box`[0m
   [1m[96m--> [0mcrates\ke
rnel\src\kernel\syscall\mod.r
s:116:5
    [1m[96m|[0m
[1m[96m116[0m [1m[96m|[
0m use alloc::boxed::Box;
    [1m[96m|[0m     [1m[
93m^^^^^^^^^^^^^^^^^[0m

[1m[93mwarning[0m[1m[97m
: unused import: `is_user_add
ress`[0m
   [1m[96m--> [0mcrates\ke
rnel\src\kernel\syscall\mod.r
s:515:35
    [1m[96m|[0m
[1m[96m515[0m [1m[96m|[
0m     use crate::kernel::sec
urity::{is_user_address, is_u
ser_range, validate_alloc_siz
e};
    [1m[96m|[0m           
                        [1m
[93m^^^^^^^^^^^^^^^[0m

[1m[93mwarning[0m[1m[97m
: unused import: `core::any::
Any`[0m
  [1m[96m--> [0mcrates\ker
nel\src\kernel\fs\vfs_file.rs
:28:5
   [1m[96m|[0m
[1m[96m28[0m [1m[96m|[0
m use core::any::Any;
   [1m[96m|[0m     [1m[9
3m^^^^^^^^^^^^^^[0m

[1m[93mwarning[0m[1m[97m
: unused import: `alloc::stri
ng::String`[0m
 [1m[96m--> [0mcrates\kern
el\src\kernel\process\lifecyc
le.rs:4:5
  [1m[96m|[0m
[1m[96m4[0m [1m[96m|[0m
 use alloc::string::String;
  [1m[96m|[0m     [1m[93
m^^^^^^^^^^^^^^^^^^^^^[0m

[1m[93mwarning[0m[1m[97m
: unused import: `alloc::vec:
:Vec`[0m
 [1m[96m--> [0mcrates\kern
el\src\kernel\process\lifecyc
le.rs:5:5
  [1m[96m|[0m
[1m[96m5[0m [1m[96m|[0m
 use alloc::vec::Vec;
  [1m[96m|[0m     [1m[93
m^^^^^^^^^^^^^^^[0m

[1m[93mwarning[0m[1m[97m
: unused import: `alloc::sync
::Arc`[0m
 [1m[96m--> [0mcrates\kern
el\src\kernel\process\lifecyc
le.rs:6:5
  [1m[96m|[0m
[1m[96m6[0m [1m[96m|[0m
 use alloc::sync::Arc;
  [1m[96m|[0m     [1m[93
m^^^^^^^^^^^^^^^^[0m

[1m[93mwarning[0m[1m[97m
: unused import: `FrameAlloca
tor`[0m
 [1m[96m--> [0mcrates\kern
el\src\kernel\process\lifecyc
le.rs:8:33
  [1m[96m|[0m
[1m[96m8[0m [1m[96m|[0m
     PageTable, OffsetPageTab
le, FrameAllocator, PhysFrame
, Size4KiB, PageTableFlags,
  [1m[96m|[0m             
                    [1m[93m
^^^^^^^^^^^^^^[0m

[1m[93mwarning[0m[1m[97m
: unused import: `PhysAddr`[
0m
  [1m[96m--> [0mcrates\ker
nel\src\kernel\process\lifecy
cle.rs:12:24
   [1m[96m|[0m
[1m[96m12[0m [1m[96m|[0
m use x86_64::{VirtAddr, Phys
Addr};
   [1m[96m|[0m            
            [1m[93m^^^^^^^^
[0m

[1m[93mwarning[0m[1m[97m
: unused import: `Process`[0
m
  [1m[96m--> [0mcrates\ker
nel\src\kernel\process\lifecy
cle.rs:13:30
   [1m[96m|[0m
[1m[96m13[0m [1m[96m|[0
m use crate::kernel::process:
:{Process, ProcessId, Process
State, PROCESS_TABLE};
   [1m[96m|[0m            
                  [1m[93m^^
^^^^^[0m

[1m[93mwarning[0m[1m[97m
: unused import: `PhysAddr`[
0m
 [1m[96m--> [0mcrates\kern
el\src\kernel\process\elf_imp
l.rs:7:24
  [1m[96m|[0m
[1m[96m7[0m [1m[96m|[0m
 use x86_64::{VirtAddr, PhysA
ddr, structures::paging::{Off
setPageTable, FrameAllocator,
 Size4KiB, Page, Mapper, Tran
slate, PhysFrame}};
  [1m[96m|[0m             
           [1m[93m^^^^^^^^
[0m

[1m[93mwarning[0m[1m[97m
: unused import: `PhysFrame`
[0m
   [1m[96m--> [0mcrates\ke
rnel\src\kernel\process\mod.r
s:451:72
    [1m[96m|[0m
[1m[96m451[0m [1m[96m|[
0m         use x86_64::struct
ures::paging::{Page, PageTabl
eFlags, Mapper, PhysFrame, Si
ze4KiB};
    [1m[96m|[0m           
                             
                             
   [1m[93m^^^^^^^^^[0m

[1m[93mwarning[0m[1m[97m
: unused import: `core::sync:
:atomic::Ordering`[0m
  [1m[96m--> [0mcrates\ker
nel\src\kernel\io_uring\ring.
rs:17:5
   [1m[96m|[0m
[1m[96m17[0m [1m[96m|[0
m use core::sync::atomic::Ord
ering;
   [1m[96m|[0m     [1m[9
3m^^^^^^^^^^^^^^^^^^^^^^^^^^^
^[0m

[1m[93mwarning[0m[1m[97m
: unused import: `PageSize`[
0m
  [1m[96m--> [0mcrates\ker
nel\src\kernel\io_uring\ring.
rs:20:71
   [1m[96m|[0m
[1m[96m20[0m [1m[96m|[0
m use x86_64::structures::pag
ing::{PhysFrame, FrameAllocat
or, Size4KiB, PageSize};
   [1m[96m|[0m            
                             
                             
 [1m[93m^^^^^^^^[0m

[1m[93mwarning[0m[1m[97m
: unused import: `crate::debu
g_println`[0m
  [1m[96m--> [0mcrates\ker
nel\src\kernel\io_uring\ring.
rs:28:5
   [1m[96m|[0m
[1m[96m28[0m [1m[96m|[0
m use crate::debug_println;
   [1m[96m|[0m     [1m[9
3m^^^^^^^^^^^^^^^^^^^^[0m

[1m[93mwarning[0m[1m[97m
: unused imports: `EAGAIN`, `
EFAULT`, `EINVAL`, `ENOMEM`, 
and `SyscallResult`[0m
  [1m[96m--> [0mcrates\ker
nel\src\kernel\io_uring\ring.
rs:29:30
   [1m[96m|[0m
[1m[96m29[0m [1m[96m|[0
m use crate::kernel::syscall:
:{EFAULT, EINVAL, ENOMEM, EAG
AIN, SyscallResult};
   [1m[96m|[0m            
                  [1m[93m^^
^^^^[0m  [1m[93m^^^^^^[0m
  [1m[93m^^^^^^[0m  [1m[
93m^^^^^^[0m  [1m[93m^^^^^
^^^^^^^^[0m

[1m[93mwarning[0m[1m[97m
: unused import: `alloc::sync
::Arc`[0m
  [1m[96m--> [0mcrates\ker
nel\src\kernel\io_uring\handl
ers_v2.rs:12:5
   [1m[96m|[0m
[1m[96m12[0m [1m[96m|[0
m use alloc::sync::Arc;
   [1m[96m|[0m     [1m[9
3m^^^^^^^^^^^^^^^^[0m

[1m[93mwarning[0m[1m[97m
: unused import: `crate::kern
el::core::traits::CharDevice`
[0m
  [1m[96m--> [0mcrates\ker
nel\src\kernel\io_uring\handl
ers_v2.rs:20:5
   [1m[96m|[0m
[1m[96m20[0m [1m[96m|[0
m use crate::kernel::core::tr
aits::CharDevice;
   [1m[96m|[0m     [1m[9
3m^^^^^^^^^^^^^^^^^^^^^^^^^^^
^^^^^^^^^^^^[0m

[1m[93mwarning[0m[1m[97m
: unused import: `crate::kern
el::driver::serial::SERIAL1`
[0m
  [1m[96m--> [0mcrates\ker
nel\src\kernel\io_uring\handl
ers_v2.rs:21:5
   [1m[96m|[0m
[1m[96m21[0m [1m[96m|[0
m use crate::kernel::driver::
serial::SERIAL1;
   [1m[96m|[0m     [1m[9
3m^^^^^^^^^^^^^^^^^^^^^^^^^^^
^^^^^^^^^^^[0m

[1m[93mwarning[0m[1m[97m
: unused import: `spin::Mutex
`[0m
 [1m[96m--> [0mcrates\kern
el\src\kernel\io_uring\contex
t.rs:7:5
  [1m[96m|[0m
[1m[96m7[0m [1m[96m|[0m
 use spin::Mutex;
  [1m[96m|[0m     [1m[93
m^^^^^^^^^^^[0m

[1m[93mwarning[0m[1m[97m
: unused import: `crate::kern
el::process::PROCESS_TABLE`[
0m
   [1m[96m--> [0mcrates\ke
rnel\src\kernel\io_uring\cont
ext.rs:303:9
    [1m[96m|[0m
[1m[96m303[0m [1m[96m|[
0m     use crate::kernel::pro
cess::PROCESS_TABLE;
    [1m[96m|[0m         [
1m[93m^^^^^^^^^^^^^^^^^^^^^^
^^^^^^^^^^^^^^^[0m

[1m[93mwarning[0m[1m[97m
: unused import: `x86_64::Vir
tAddr`[0m
  [1m[96m--> [0mcrates\ker
nel\src\kernel\io_uring\regis
tered_buffers.rs:36:5
   [1m[96m|[0m
[1m[96m36[0m [1m[96m|[0
m use x86_64::VirtAddr;
   [1m[96m|[0m     [1m[9
3m^^^^^^^^^^^^^^^^[0m

[1m[93mwarning[0m[1m[97m
: unused import: `EAGAIN`[0m
  [1m[96m--> [0mcrates\ker
nel\src\kernel\io_uring\regis
tered_buffers.rs:40:54
   [1m[96m|[0m
[1m[96m40[0m [1m[96m|[0
m use crate::kernel::syscall:
:{EFAULT, EINVAL, ENOMEM, EAG
AIN, SyscallResult};
   [1m[96m|[0m            
                             
             [1m[93m^^^^^^
[0m

[1m[93mwarning[0m[1m[97m
: unused imports: `RING_MASK`
 and `RING_SIZE`[0m
  [1m[96m--> [0mcrates\ker
nel\src\kernel\io_uring\mod.r
s:58:35
   [1m[96m|[0m
[1m[96m58[0m [1m[96m|[0
m use crate::abi::io_uring_co
mmon::{RING_SIZE, RING_MASK};
   [1m[96m|[0m            
                       [1m[
93m^^^^^^^^^[0m  [1m[93m^^
^^^^^^^[0m

[1m[93mwarning[0m[1m[97m
: unused imports: `AtomicU32`
 and `Ordering`[0m
 [1m[96m--> [0mcrates\kern
el\src\abi\io_uring_common.rs
:7:26
  [1m[96m|[0m
[1m[96m7[0m [1m[96m|[0m
 use core::sync::atomic::{Ato
micU32, Ordering};
  [1m[96m|[0m             
             [1m[93m^^^^^^^
^^[0m  [1m[93m^^^^^^^^[0m

[1m[91merror[E0599][0m[1m
[97m: no variant or associat
ed item named `AccessDenied` 
found for enum `FileError` in
 the current scope[0m
  [1m[96m--> [0mcrates\ker
nel\src\kernel\ipc\pipe.rs:58
:24
   [1m[96m|[0m
[1m[96m58[0m [1m[96m|[0
m         Err(FileError::Acce
ssDenied)
   [1m[96m|[0m            
            [1m[91m^^^^^^^^
^^^^[0m [1m[91mvariant or 
associated item not found in 
`FileError`[0m
   [1m[96m|[0m
  [1m[96m::: [0mcrates\ker
nel\src\kernel\fs\mod.rs:18:1
   [1m[96m|[0m
[1m[96m18[0m [1m[96m|[0
m pub enum FileError {
   [1m[96m|[0m [1m[96m--
----------------[0m [1m[96
mvariant or associated item `
AccessDenied` not found for t
his enum[0m

[1m[91merror[E0599][0m[1m
[97m: no variant or associat
ed item named `AccessDenied` 
found for enum `FileError` in
 the current scope[0m
  [1m[96m--> [0mcrates\ker
nel\src\kernel\ipc\pipe.rs:88
:24
   [1m[96m|[0m
[1m[96m88[0m [1m[96m|[0
m         Err(FileError::Acce
ssDenied)
   [1m[96m|[0m            
            [1m[91m^^^^^^^^
^^^^[0m [1m[91mvariant or 
associated item not found in 
`FileError`[0m
   [1m[96m|[0m
  [1m[96m::: [0mcrates\ker
nel\src\kernel\fs\mod.rs:18:1
   [1m[96m|[0m
[1m[96m18[0m [1m[96m|[0
m pub enum FileError {
   [1m[96m|[0m [1m[96m--
----------------[0m [1m[96
mvariant or associated item `
AccessDenied` not found for t
his enum[0m

[1m[93mwarning[0m[1m[97m
: unused import: `Translate`
[0m
 [1m[96m--> [0mcrates\kern
el\src\kernel\process\elf_imp
l.rs:7:112
  [1m[96m|[0m
[1m[96m7[0m [1m[96m|[0m
 use x86_64::{VirtAddr, PhysA
ddr, structures::paging::{Off
setPageTable, FrameAllocator,
 Size4KiB, Page, Mapper, Tran
slate, PhysFrame}};
  [1m[96m|[0m             
                             
                             
                             
            [1m[93m^^^^^^^^
^[0m

[1m[93mwarning[0m[1m[97m
: unused import: `crate::kern
el::core::traits::CharDevice`
[0m
   [1m[96m--> [0mcrates\ke
rnel\src\kernel\syscall\mod.r
s:120:5
    [1m[96m|[0m
[1m[96m120[0m [1m[96m|[
0m use crate::kernel::core::t
raits::CharDevice;
    [1m[96m|[0m     [1m[
93m^^^^^^^^^^^^^^^^^^^^^^^^^^
^^^^^^^^^^^^^[0m

[1m[93mwarning[0m[1m[97m
: unnecessary `unsafe` block
[0m
  [1m[96m--> [0mcrates\ker
nel\src\arch\x86_64\gdt.rs:56
:5
   [1m[96m|[0m
[1m[96m56[0m [1m[96m|[0
m     unsafe {
   [1m[96m|[0m     [1m[9
3m^^^^^^[0m [1m[93munneces
sary `unsafe` block[0m
   [1m[96m|[0m
   [1m[96m= [0m[1m[97mno
te[0m: `#[warn(unused_unsafe
)]` (part of `#[warn(unused)]
`) on by default

[1m[93mwarning[0m[1m[97m
: unnecessary `unsafe` block
[0m
  [1m[96m--> [0mcrates\ker
nel\src\arch\x86_64\gdt.rs:94
:5
   [1m[96m|[0m
[1m[96m94[0m [1m[96m|[0
m     unsafe {
   [1m[96m|[0m     [1m[9
3m^^^^^^[0m [1m[93munneces
sary `unsafe` block[0m

[1m[93mwarning[0m[1m[97m
: unused variable: `limit_low
`[0m
   [1m[96m--> [0mcrates\ke
rnel\src\arch\x86_64\gdt.rs:2
30:17
    [1m[96m|[0m
[1m[96m230[0m [1m[96m|[
0m             let limit_low 
= descriptor & 0xFFFF;
    [1m[96m|[0m           
      [1m[93m^^^^^^^^^[0m 
[1m[93mhelp: if this is int
entional, prefix it with an u
nderscore: `_limit_low`[0m
    [1m[96m|[0m
    [1m[96m= [0m[1m[97mn
ote[0m: `#[warn(unused_varia
bles)]` (part of `#[warn(unus
ed)]`) on by default

[1m[93mwarning[0m[1m[97m
: unused variable: `base_low`
[0m
   [1m[96m--> [0mcrates\ke
rnel\src\arch\x86_64\gdt.rs:2
31:17
    [1m[96m|[0m
[1m[96m231[0m [1m[96m|[
0m             let base_low =
 (descriptor >> 16) & 0xFFFF;
    [1m[96m|[0m           
      [1m[93m^^^^^^^^[0m 
[1m[93mhelp: if this is inte
ntional, prefix it with an un
derscore: `_base_low`[0m

[1m[93mwarning[0m[1m[97m
: unused variable: `base_mid`
[0m
   [1m[96m--> [0mcrates\ke
rnel\src\arch\x86_64\gdt.rs:2
32:17
    [1m[96m|[0m
[1m[96m232[0m [1m[96m|[
0m             let base_mid =
 (descriptor >> 32) & 0xFF;
    [1m[96m|[0m           
      [1m[93m^^^^^^^^[0m 
[1m[93mhelp: if this is inte
ntional, prefix it with an un
derscore: `_base_mid`[0m

[1m[93mwarning[0m[1m[97m
: unused variable: `limit_hig
h`[0m
   [1m[96m--> [0mcrates\ke
rnel\src\arch\x86_64\gdt.rs:2
34:17
    [1m[96m|[0m
[1m[96m234[0m [1m[96m|[
0m             let limit_high
 = (descriptor >> 48) & 0x0F;
    [1m[96m|[0m           
      [1m[93m^^^^^^^^^^[0m
 [1m[93mhelp: if this is in
tentional, prefix it with an 
underscore: `_limit_high`[0m

[1m[93mwarning[0m[1m[97m
: unused variable: `base_high
`[0m
   [1m[96m--> [0mcrates\ke
rnel\src\arch\x86_64\gdt.rs:2
36:17
    [1m[96m|[0m
[1m[96m236[0m [1m[96m|[
0m             let base_high 
= (descriptor >> 56) & 0xFF;
    [1m[96m|[0m           
      [1m[93m^^^^^^^^^[0m 
[1m[93mhelp: if this is int
entional, prefix it with an u
nderscore: `_base_high`[0m

[1m[93mwarning[0m[1m[97m
: unnecessary `unsafe` block
[0m
   [1m[96m--> [0mcrates\ke
rnel\src\arch\x86_64\gdt.rs:2
58:50
    [1m[96m|[0m
[1m[96m258[0m [1m[96m|[
0m             let stack_star
t = VirtAddr::from_ptr(unsafe
 { core::ptr::addr_of!(DOUBLE
_FAULT_STACK) });
    [1m[96m|[0m           
                             
          [1m[93m^^^^^^[0m
 [1m[93munnecessary `unsafe
` block[0m

[1m[93mwarning[0m[1m[97m
: unused variable: `offset`[
0m
   [1m[96m--> [0mcrates\ke
rnel\src\kernel\mm\user_pagin
g.rs:710:42
    [1m[96m|[0m
[1m[96m710[0m [1m[96m|[
0m         TranslateResult::M
apped { frame, offset, flags 
} => {
    [1m[96m|[0m           
                             
  [1m[93m^^^^^^[0m [1m[9
3mhelp: try ignoring the fiel
d: `offset: _`[0m

[1m[93mwarning[0m[1m[97m
: variable `unmapped_found` i
s assigned to, but never used
[0m
   [1m[96m--> [0mcrates\ke
rnel\src\kernel\syscall\mod.r
s:721:9
    [1m[96m|[0m
[1m[96m721[0m [1m[96m|[
0m     let mut unmapped_found
 = false;
    [1m[96m|[0m         [
1m[93m^^^^^^^^^^^^^^^^^^[0m
    [1m[96m|[0m
    [1m[96m= [0m[1m[97mn
ote[0m: consider using `_unm
apped_found` instead

[1m[93mwarning[0m[1m[97m
: value assigned to `unmapped
_found` is never read[0m
   [1m[96m--> [0mcrates\ke
rnel\src\kernel\syscall\mod.r
s:725:13
    [1m[96m|[0m
[1m[96m725[0m [1m[96m|[
0m             unmapped_found
 = true;
    [1m[96m|[0m           
  [1m[93m^^^^^^^^^^^^^^^^^^
^^^[0m
    [1m[96m|[0m
    [1m[96m= [0m[1m[97mh
elp[0m: maybe it is overwrit
ten before being read?
    [1m[96m= [0m[1m[97mn
ote[0m: `#[warn(unused_assig
nments)]` (part of `#[warn(un
used)]`) on by default

[1m[93mwarning[0m[1m[97m
: variable does not need to b
e mutable[0m
   [1m[96m--> [0mcrates\ke
rnel\src\kernel\process\lifec
ycle.rs:215:17
    [1m[96m|[0m
[1m[96m215[0m [1m[96m|[
0m             let mut mapper
 = unsafe { OffsetPageTable::
new(l4_table, phys_mem_offset
) };
    [1m[96m|[0m           
      [1m[96m----[0m[1m[
93m^^^^^^[0m
    [1m[96m|[0m           
      [1m[96m|[0m
    [1m[96m|[0m           
      [1m[96mhelp: remove t
his `mut`[0m
    [1m[96m|[0m
    [1m[96m= [0m[1m[97mn
ote[0m: `#[warn(unused_mut)]
` (part of `#[warn(unused)]`)
 on by default

[1m[93mwarning[0m[1m[97m
: unused variable: `path`[0m
  [1m[96m--> [0mcrates\ker
nel\src\kernel\process\lifecy
cle.rs:40:28
   [1m[96m|[0m
[1m[96m40[0m [1m[96m|[0
m pub fn create_user_process(
path: &str, args: &[&str]) ->
 Result<(ProcessId, VirtAddr,
 VirtAddr, u64), CreateError>
 {
   [1m[96m|[0m            
                [1m[93m^^^^
[0m [1m[93mhelp: if this i
s intentional, prefix it with
 an underscore: `_path`[0m

[1m[93mwarning[0m[1m[97m
: unnecessary `unsafe` block
[0m
   [1m[96m--> [0mcrates\ke
rnel\src\kernel\process\lifec
ycle.rs:540:25
    [1m[96m|[0m
[1m[96m523[0m [1m[96m|[
0m     unsafe {
    [1m[96m|[0m     [1m[
96m------[0m [1m[96mbecaus
e it's nested under this `uns
afe` block[0m
[1m[96m...[0m
[1m[96m540[0m [1m[96m|[
0m                         un
safe {
    [1m[96m|[0m           
              [1m[93m^^^^^^
[0m [1m[93munnecessary `un
safe` block[0m

[1m[93mwarning[0m[1m[97m
: unnecessary `unsafe` block
[0m
   [1m[96m--> [0mcrates\ke
rnel\src\kernel\process\lifec
ycle.rs:551:17
    [1m[96m|[0m
[1m[96m523[0m [1m[96m|[
0m     unsafe {
    [1m[96m|[0m     [1m[
96m------[0m [1m[96mbecaus
e it's nested under this `uns
afe` block[0m
[1m[96m...[0m
[1m[96m551[0m [1m[96m|[
0m                 unsafe {
    [1m[96m|[0m           
      [1m[93m^^^^^^[0m [1
m[93munnecessary `unsafe` bl
ock[0m

[1m[93mwarning[0m[1m[97m
: unused variable: `read`[0m
   [1m[96m--> [0mcrates\ke
rnel\src\kernel\process\elf_l
oader.rs:270:14
    [1m[96m|[0m
[1m[96m270[0m [1m[96m|[
0m         let (read, write, 
exec) = self.permissions();
    [1m[96m|[0m           
   [1m[93m^^^^[0m [1m[93
mhelp: if this is intentional
, prefix it with an underscor
e: `_read`[0m

[1m[93mwarning[0m[1m[97m
: unused variable: `page`[0m
   [1m[96m--> [0mcrates\ke
rnel\src\kernel\process\elf_i
mpl.rs:174:18
    [1m[96m|[0m
[1m[96m174[0m [1m[96m|[
0m         for (i, (page, fra
me)) in frames.iter().enumera
te() {
    [1m[96m|[0m           
       [1m[93m^^^^[0m [1m
[93mhelp: if this is intenti
onal, prefix it with an under
score: `_page`[0m

[1m[97mFor more information
 about this error, try `rustc
 --explain E0599`.[0m
[1m[93mwarning[0m: `tiny_o
s` (lib) generated 52 warning
s
[1m[93mwarning[0m: tiny_os
@0.4.1: Building in DEBUG mod
e - performance will be limit
ed
[1m[91merror[0m: could not
 compile `tiny_os` (lib) due 
to 2 previous errors; 52 warn
ings emitted
