[2J[001;001H[=3h[2J[001;001H[2J[001;001H[8;056;240t[2J[001;001H[2J[001;001H[=3h[2J[001;001H[2J[001;001H[8;042;160t[2J[001;001HBdsDxe: loading Boot0002 "UEFI QEMU HARDDISK QM00001 " from PciRoot(0x0)/Pci(0x1,0x1)/Ata(Primary,Master,0x0)
BdsDxe: starting Boot0002 "UEFI QEMU HARDDISK QM00001 " from PciRoot(0x0)/Pci(0x1,0x1)/Ata(Primary,Master,0x0)
INFO : Framebuffer info: FrameBufferInfo { byte_len: 4096000, width: 1280, height: 800, pixel_format: Bgr, bytes_per_pixel: 4, stride: 1280 }
INFO : UEFI bootloader started
INFO : Using framebuffer at 0x80000000
INFO : Reading configuration from disk was successful
INFO : Trying to load ramdisk via Disk
INFO : Ramdisk not found.
TRACE: exiting boot services
TRACE: switching to new level 4 table
INFO : New page table at: PhysFrame[4KiB](0x101000)
INFO : Elf file loaded at Pointer {
    addr: 0x0000000005a64000,
    metadata: 4157696,
}
INFO : virtual_address_offset: 0x0
INFO : Handling Segment: Ph64(ProgramHeader64 { type_: Ok(Load), flags: Flags(4), offset: 0, virtual_addr: 200000, physical_addr: 200000, file_size: b797, mem_size: b797, align: 1000 })
INFO : Handling Segment: Ph64(ProgramHeader64 { type_: Ok(Load), flags: Flags(5), offset: b7a0, virtual_addr: 20c7a0, physical_addr: 20c7a0, file_size: 359b8, mem_size: 359b8, align: 1000 })
INFO : Handling Segment: Ph64(ProgramHeader64 { type_: Ok(Load), flags: Flags(6), offset: 41158, virtual_addr: 243158, physical_addr: 243158, file_size: 54, mem_size: 12b, align: 1000 })
INFO : Mapping bss section
INFO : Entry point at: 0x20d090
INFO : Creating GDT at PhysAddr(0x11e000)
INFO : Map framebuffer
INFO : Allocate bootinfo
INFO : Create Memory Map
INFO : Create bootinfo
INFO : Jumping to kernel entry point at VirtAddr(0x20d090)
[2J[001;001H[=3h[2J[001;001H[2J[001;001H[8;056;240t[2J[001;001H[2J[001;001H[=3h[2J[001;001H[2J[001;001H[8;042;160t[2J[001;001HBdsDxe: loading Boot0002 "UEFI QEMU HARDDISK QM00001 " from PciRoot(0x0)/Pci(0x1,0x1)/Ata(Primary,Master,0x0)
BdsDxe: starting Boot0002 "UEFI QEMU HARDDISK QM00001 " from PciRoot(0x0)/Pci(0x1,0x1)/Ata(Primary,Master,0x0)
INFO : Framebuffer info: FrameBufferInfo { byte_len: 4096000, width: 1280, height: 800, pixel_format: Bgr, bytes_per_pixel: 4, stride: 1280 }
INFO : UEFI bootloader started
INFO : Using framebuffer at 0x80000000
INFO : Reading configuration from disk was successful
INFO : Trying to load ramdisk via Disk
INFO : Ramdisk not found.
TRACE: exiting boot services
TRACE: switching to new level 4 table
INFO : New page table at: PhysFrame[4KiB](0x101000)
INFO : Elf file loaded at Pointer {
    addr: 0x0000000005a65000,
    metadata: 4157696,
}
INFO : virtual_address_offset: 0x0
INFO : Handling Segment: Ph64(ProgramHeader64 { type_: Ok(Load), flags: Flags(4), offset: 0, virtual_addr: 200000, physical_addr: 200000, file_size: b797, mem_size: b797, align: 1000 })
INFO : Handling Segment: Ph64(ProgramHeader64 { type_: Ok(Load), flags: Flags(5), offset: b7a0, virtual_addr: 20c7a0, physical_addr: 20c7a0, file_size: 359b8, mem_size: 359b8, align: 1000 })
INFO : Handling Segment: Ph64(ProgramHeader64 { type_: Ok(Load), flags: Flags(6), offset: 41158, virtual_addr: 243158, physical_addr: 243158, file_size: 54, mem_size: 12b, align: 1000 })
INFO : Mapping bss section
INFO : Entry point at: 0x20d090
INFO : Creating GDT at PhysAddr(0x11e000)
INFO : Map framebuffer
INFO : Allocate bootinfo
INFO : Create Memory Map
INFO : Create bootinfo
INFO : Jumping to kernel entry point at VirtAddr(0x20d090)
[2J[001;001H[=3h[2J[001;001H[2J[001;001H[8;056;240t[2J[001;001H[2J[001;001H[=3h[2J[001;001H[2J[001;001H[8;042;160t[2J[001;001H