cargo : warning: profi
les for the non root p
ackage will be ignored
, specify profiles at 
the workspace root:
発生場所 行:1 文字:1
+ cargo check --lib 2>
&1 | Out-File -Encodin
g UTF8 libuser_errors_
3.log ...
+ ~~~~~~~~~~~~~~~~~~~~
~~
    + CategoryInfo    
          : NotSpeci  
  fied: (warning: p   
 rofil...workspace    
 root::String) []    ,
 RemoteException
    + FullyQualifiedE 
   rrorId : NativeCo  
  mmandError
 
package:   D:\Rust\OS\
crates\programs\test\C
argo.toml
workspace: D:\Rust\OS\
Cargo.toml
warning: profiles for 
the non root package w
ill be ignored, specif
y profiles at the work
space root:
package:   D:\Rust\OS\
crates\programs\init\C
argo.toml
workspace: D:\Rust\OS\
Cargo.toml
warning: profiles for 
the non root package w
ill be ignored, specif
y profiles at the work
space root:
package:   D:\Rust\OS\
crates\programs\syscal
l_test\Cargo.toml
workspace: D:\Rust\OS\
Cargo.toml
warning: profiles for 
the non root package w
ill be ignored, specif
y profiles at the work
space root:
package:   D:\Rust\OS\
crates\programs\io_uri
ng_test\Cargo.toml
workspace: D:\Rust\OS\
Cargo.toml
warning: profiles for 
the non root package w
ill be ignored, specif
y profiles at the work
space root:
package:   D:\Rust\OS\
crates\programs\bench_
syscall\Cargo.toml
workspace: D:\Rust\OS\
Cargo.toml
warning: D:\Rust\OS\cr
ates\programs\shell\Ca
rgo.toml: only one of 
`license` or `license-
file` is necessary
`license` should be us
ed if the package lice
nse can be expressed w
ith a standard SPDX ex
pression.
`license-file` should 
be used if the package
 uses a non-standard l
icense.
See https://doc.rust-l
ang.org/cargo/referenc
e/manifest.html#the-li
cense-and-license-file
-fields for more infor
mation.
warning: D:\Rust\OS\cr
ates\kernel\Cargo.toml
: only one of `license
` or `license-file` is
 necessary
`license` should be us
ed if the package lice
nse can be expressed w
ith a standard SPDX ex
pression.
`license-file` should 
be used if the package
 uses a non-standard l
icense.
See https://doc.rust-l
ang.org/cargo/referenc
e/manifest.html#the-li
cense-and-license-file
-fields for more infor
mation.
warning: D:\Rust\OS\cr
ates\libuser\Cargo.tom
l: only one of `licens
e` or `license-file` i
s necessary
`license` should be us
ed if the package lice
nse can be expressed w
ith a standard SPDX ex
pression.
`license-file` should 
be used if the package
 uses a non-standard l
icense.
See https://doc.rust-l
ang.org/cargo/referenc
e/manifest.html#the-li
cense-and-license-file
-fields for more infor
mation.
warning: D:\Rust\OS\cr
ates\programs\hello\Ca
rgo.toml: only one of 
`license` or `license-
file` is necessary
`license` should be us
ed if the package lice
nse can be expressed w
ith a standard SPDX ex
pression.
`license-file` should 
be used if the package
 uses a non-standard l
icense.
See https://doc.rust-l
ang.org/cargo/referenc
e/manifest.html#the-li
cense-and-license-file
-fields for more infor
mation.
    Checking libuser v
0.1.0 (D:\Rust\OS\crat
es\libuser)
error: this file conta
ins an unclosed delimi
ter
   --> crates\libuser\
src\ring_io.rs:403:75
    |
188 | impl Ring {
    |           - this
 delimiter might not b
e properly closed...
...
199 |     }
    |     - ...as it m
atches this but it has
 different indentation
...
358 |     pub fn wait_
cqes(&mut self, n: u32
) -> impl Iterator<Ite
m = Cqe> + '_ {
    |                 
                      
                      
              - unclos
ed delimiter
359 |         let mut 
count = 0;
360 |         core::it
er::from_fn(move || {
    |                 
           -        - 
unclosed delimiter
    |                 
           |
    |                 
           unclosed de
limiter
...
403 | // This is inten
tional as it should on
ly be used from the cr
eating thread
    |                 
                      
                      
             ^

error: could not compi
le `libuser` (lib) due
 to 1 previous error
